2023-09-08 01:12:29.888 [info] Extension host with pid 27611 started
2023-09-08 01:12:29.888 [info] Skipping acquiring lock for /home/miqueas/.config/Code/User/workspaceStorage/7c7d8455a2c01e5521a4eb4b39c7bad4.
2023-09-08 01:12:30.275 [info] ExtensionService#_doActivateExtension vscode.emmet, startup: false, activationEvent: 'onLanguage'
2023-09-08 01:12:30.277 [info] ExtensionService#_doActivateExtension ms-python.python, startup: false, activationEvent: 'onLanguage:python'
2023-09-08 01:12:30.727 [warning] Using default string since no string found in i18n bundle that has the key: You need to select a Python interpreter before you start debugging.

Tip: click on "Select Interpreter" in the status bar.
2023-09-08 01:12:30.727 [warning] Using default string since no string found in i18n bundle that has the key: The Python extension now includes Pylance to improve completions, code navigation, overall performance and much more! You can learn more about the update and learn how to change your language server [here](https://aka.ms/new-python-bundle).

Read Pylance's license [here](https://marketplace.visualstudio.com/items/ms-python.vscode-pylance/license).
2023-09-08 01:12:30.728 [warning] Using default string since no string found in i18n bundle that has the key: The Microsoft Python Language Server has reached end of life. Your language server has been set to the default for Python in VS Code, Pylance.

If you'd like to change your language server, you can learn about how to do so [here](https://devblogs.microsoft.com/python/python-in-visual-studio-code-may-2021-release/#configuring-your-language-server).

Read Pylance's license [here](https://marketplace.visualstudio.com/items/ms-python.vscode-pylance/license).
2023-09-08 01:12:30.953 [info] ExtensionService#_doActivateExtension ms-python.vscode-pylance, startup: false, activationEvent: 'onLanguage:python'
2023-09-08 01:12:31.436 [info] ExtensionService#_doActivateExtension vscode.git-base, startup: true, activationEvent: '*', root cause: vscode.git
2023-09-08 01:12:32.249 [info] ExtensionService#_doActivateExtension vscode.git, startup: true, activationEvent: '*'
2023-09-08 01:12:32.249 [info] ExtensionService#_doActivateExtension vscode.github, startup: true, activationEvent: '*'
2023-09-08 01:12:32.250 [info] ExtensionService#_doActivateExtension vscode.github-authentication, startup: false, activationEvent: 'onAuthenticationRequest:github'
2023-09-08 01:12:32.534 [info] Eager extensions activated
2023-09-08 01:12:32.605 [info] ExtensionService#_doActivateExtension vscode.debug-auto-launch, startup: false, activationEvent: 'onStartupFinished'
2023-09-08 01:12:32.606 [info] ExtensionService#_doActivateExtension vscode.merge-conflict, startup: false, activationEvent: 'onStartupFinished'
2023-09-08 01:12:32.641 [info] ExtensionService#_doActivateExtension vscode.microsoft-authentication, startup: false, activationEvent: 'onAuthenticationRequest:microsoft'
2023-09-08 01:14:43.029 [warning] Using default string since no string found in i18n bundle that has the key: There are no staged changes to commit.

Would you like to stage all your changes and commit them directly?
2023-09-08 01:22:24.674 [info] ExtensionService#_doActivateExtension vscode.npm, startup: false, activationEvent: 'onTerminalQuickFixRequest:ms-vscode.npm-command'
