2023-08-22 22:22:15.515 [info] Extension host with pid 2330 started
2023-08-22 22:22:15.979 [info] ExtensionService#_doActivateExtension vscode.git-base, startup: true, activationEvent: '*', root cause: vscode.git
2023-08-22 22:22:16.031 [info] ExtensionService#_doActivateExtension vscode.github-authentication, startup: false, activationEvent: 'onAuthenticationRequest:github'
2023-08-22 22:22:16.313 [info] ExtensionService#_doActivateExtension vscode.git, startup: true, activationEvent: '*'
2023-08-22 22:22:16.562 [info] ExtensionService#_doActivateExtension vscode.github, startup: true, activationEvent: '*'
2023-08-22 22:22:16.765 [info] Eager extensions activated
2023-08-22 22:22:16.774 [info] ExtensionService#_doActivateExtension vscode.debug-auto-launch, startup: false, activationEvent: 'onStartupFinished'
2023-08-22 22:22:16.782 [info] ExtensionService#_doActivateExtension vscode.merge-conflict, startup: false, activationEvent: 'onStartupFinished'
2023-08-22 22:22:16.834 [info] ExtensionService#_doActivateExtension vscode.microsoft-authentication, startup: false, activationEvent: 'onAuthenticationRequest:microsoft'
2023-08-22 22:22:33.922 [info] ExtensionService#_doActivateExtension vscode.emmet, startup: false, activationEvent: 'onLanguage'
2023-08-22 22:23:27.842 [info] ExtensionService#_doActivateExtension ms-python.python, startup: false, activationEvent: 'onWalkthrough:pythonWelcome'
2023-08-22 22:23:29.886 [info] ExtensionService#_doActivateExtension ms-python.vscode-pylance, startup: false, activationEvent: 'api', root cause: ms-python.python
2023-08-22 22:23:51.152 [info] Extension host terminating: renderer closed the MessagePort
2023-08-22 22:23:51.229 [info] Extension host with pid 2330 exiting with code 0
2023-08-22 22:23:53.543 [info] Extension host with pid 2521 started
2023-08-22 22:23:53.543 [info] Skipping acquiring lock for /home/miqueas/.config/Code/User/workspaceStorage/7c7d8455a2c01e5521a4eb4b39c7bad4.
2023-08-22 22:23:53.629 [info] ExtensionService#_doActivateExtension vscode.git-base, startup: true, activationEvent: '*'
2023-08-22 22:23:53.645 [info] ExtensionService#_doActivateExtension vscode.github, startup: true, activationEvent: '*'
2023-08-22 22:23:53.679 [info] Eager extensions activated
2023-08-22 22:23:53.720 [info] ExtensionService#_doActivateExtension vscode.debug-auto-launch, startup: false, activationEvent: 'onStartupFinished'
2023-08-22 22:23:53.724 [info] ExtensionService#_doActivateExtension vscode.merge-conflict, startup: false, activationEvent: 'onStartupFinished'
2023-08-22 22:23:53.847 [info] ExtensionService#_doActivateExtension vscode.github-authentication, startup: false, activationEvent: 'onAuthenticationRequest:github'
2023-08-22 22:23:54.218 [info] ExtensionService#_doActivateExtension vscode.microsoft-authentication, startup: false, activationEvent: 'onAuthenticationRequest:microsoft'
2023-08-22 22:23:57.058 [info] ExtensionService#_doActivateExtension vscode.git, startup: false, activationEvent: 'api', root cause: vscode.github
2023-08-22 22:24:16.235 [info] ExtensionService#_doActivateExtension ms-python.python, startup: false, activationEvent: 'onLanguage:python'
2023-08-22 22:24:16.448 [info] ExtensionService#_doActivateExtension vscode.emmet, startup: false, activationEvent: 'onLanguage'
2023-08-22 22:24:16.742 [info] ExtensionService#_doActivateExtension ms-python.vscode-pylance, startup: false, activationEvent: 'onLanguage:python'
2023-08-22 22:24:21.861 [error] [ms-python.python] provider FAILED
2023-08-22 22:24:21.861 [error] TypeError: Cannot read properties of undefined (reading 'data')
	at /home/miqueas/.vscode/extensions/ms-python.vscode-pylance-2023.8.30/dist/extension.bundle.js:1:131001
	at _0x5a417a (/home/miqueas/.vscode/extensions/ms-python.vscode-pylance-2023.8.30/dist/extension.bundle.js:1:142741)
	at async ce.provideCompletionItems (/usr/share/code/resources/app/out/vs/workbench/api/node/extensionHostProcess.js:104:50188)
2023-08-22 22:24:45.455 [info] ExtensionService#_doActivateExtension vscode.debug-server-ready, startup: false, activationEvent: 'onDebugResolve'
2023-08-22 22:26:33.120 [info] Extension host terminating: renderer closed the MessagePort
2023-08-22 22:26:33.207 [info] Extension host with pid 2521 exiting with code 0
